Analysis & Synthesis report for tv
Fri Sep  5 11:34:55 2025
Quartus Prime Version 23.1std.0 Build 991 11/28/2023 SC Lite Edition


---------------------
; Table of Contents ;
---------------------
  1. Legal Notice
  2. Analysis & Synthesis Summary
  3. Analysis & Synthesis Settings
  4. Parallel Compilation
  5. Analysis & Synthesis Source Files Read
  6. Analysis & Synthesis Resource Usage Summary
  7. Analysis & Synthesis Resource Utilization by Entity
  8. State Machine - |tv|vga_module:comb_16|v_state
  9. State Machine - |tv|vga_module:comb_16|h_state
 10. Registers Removed During Synthesis
 11. General Register Statistics
 12. Multiplexer Restructuring Statistics (Restructuring Performed)
 13. Parameter Settings for User Entity Instance: vga_module:comb_16
 14. Port Connectivity Checks: "vga_module:comb_16"
 15. Post-Synthesis Netlist Statistics for Top Partition
 16. Elapsed Time Per Partition
 17. Analysis & Synthesis Messages



----------------
; Legal Notice ;
----------------
Copyright (C) 2023  Intel Corporation. All rights reserved.
Your use of Intel Corporation's design tools, logic functions 
and other software and tools, and any partner logic 
functions, and any output files from any of the foregoing 
(including device programming or simulation files), and any 
associated documentation or information are expressly subject 
to the terms and conditions of the Intel Program License 
Subscription Agreement, the Intel Quartus Prime License Agreement,
the Intel FPGA IP License Agreement, or other applicable license
agreement, including, without limitation, that your use is for
the sole purpose of programming logic devices manufactured by
Intel and sold by Intel or its authorized distributors.  Please
refer to the applicable agreement for further details, at
https://fpgasoftware.intel.com/eula.



+----------------------------------------------------------------------------------+
; Analysis & Synthesis Summary                                                     ;
+---------------------------------+------------------------------------------------+
; Analysis & Synthesis Status     ; Successful - Fri Sep  5 11:34:55 2025          ;
; Quartus Prime Version           ; 23.1std.0 Build 991 11/28/2023 SC Lite Edition ;
; Revision Name                   ; tv                                             ;
; Top-level Entity Name           ; tv                                             ;
; Family                          ; Cyclone V                                      ;
; Logic utilization (in ALMs)     ; N/A                                            ;
; Total registers                 ; 40                                             ;
; Total pins                      ; 41                                             ;
; Total virtual pins              ; 0                                              ;
; Total block memory bits         ; 0                                              ;
; Total DSP Blocks                ; 0                                              ;
; Total HSSI RX PCSs              ; 0                                              ;
; Total HSSI PMA RX Deserializers ; 0                                              ;
; Total HSSI TX PCSs              ; 0                                              ;
; Total HSSI PMA TX Serializers   ; 0                                              ;
; Total PLLs                      ; 0                                              ;
; Total DLLs                      ; 0                                              ;
+---------------------------------+------------------------------------------------+


+---------------------------------------------------------------------------------------------------------------------------+
; Analysis & Synthesis Settings                                                                                             ;
+---------------------------------------------------------------------------------+--------------------+--------------------+
; Option                                                                          ; Setting            ; Default Value      ;
+---------------------------------------------------------------------------------+--------------------+--------------------+
; Device                                                                          ; 5CSEMA5F31C6       ;                    ;
; Top-level entity name                                                           ; tv                 ; tv                 ;
; Family name                                                                     ; Cyclone V          ; Cyclone V          ;
; Use smart compilation                                                           ; Off                ; Off                ;
; Enable parallel Assembler and Timing Analyzer during compilation                ; On                 ; On                 ;
; Enable compact report table                                                     ; Off                ; Off                ;
; Restructure Multiplexers                                                        ; Auto               ; Auto               ;
; MLAB Add Timing Constraints For Mixed-Port Feed-Through Mode Setting Don't Care ; Off                ; Off                ;
; Create Debugging Nodes for IP Cores                                             ; Off                ; Off                ;
; Preserve fewer node names                                                       ; On                 ; On                 ;
; Intel FPGA IP Evaluation Mode                                                   ; Enable             ; Enable             ;
; Verilog Version                                                                 ; Verilog_2001       ; Verilog_2001       ;
; VHDL Version                                                                    ; VHDL_1993          ; VHDL_1993          ;
; State Machine Processing                                                        ; Auto               ; Auto               ;
; Safe State Machine                                                              ; Off                ; Off                ;
; Extract Verilog State Machines                                                  ; On                 ; On                 ;
; Extract VHDL State Machines                                                     ; On                 ; On                 ;
; Ignore Verilog initial constructs                                               ; Off                ; Off                ;
; Iteration limit for constant Verilog loops                                      ; 5000               ; 5000               ;
; Iteration limit for non-constant Verilog loops                                  ; 250                ; 250                ;
; Add Pass-Through Logic to Inferred RAMs                                         ; On                 ; On                 ;
; Infer RAMs from Raw Logic                                                       ; On                 ; On                 ;
; Parallel Synthesis                                                              ; On                 ; On                 ;
; DSP Block Balancing                                                             ; Auto               ; Auto               ;
; NOT Gate Push-Back                                                              ; On                 ; On                 ;
; Power-Up Don't Care                                                             ; On                 ; On                 ;
; Remove Redundant Logic Cells                                                    ; Off                ; Off                ;
; Remove Duplicate Registers                                                      ; On                 ; On                 ;
; Ignore CARRY Buffers                                                            ; Off                ; Off                ;
; Ignore CASCADE Buffers                                                          ; Off                ; Off                ;
; Ignore GLOBAL Buffers                                                           ; Off                ; Off                ;
; Ignore ROW GLOBAL Buffers                                                       ; Off                ; Off                ;
; Ignore LCELL Buffers                                                            ; Off                ; Off                ;
; Ignore SOFT Buffers                                                             ; On                 ; On                 ;
; Limit AHDL Integers to 32 Bits                                                  ; Off                ; Off                ;
; Optimization Technique                                                          ; Balanced           ; Balanced           ;
; Carry Chain Length                                                              ; 70                 ; 70                 ;
; Auto Carry Chains                                                               ; On                 ; On                 ;
; Auto Open-Drain Pins                                                            ; On                 ; On                 ;
; Perform WYSIWYG Primitive Resynthesis                                           ; Off                ; Off                ;
; Auto ROM Replacement                                                            ; On                 ; On                 ;
; Auto RAM Replacement                                                            ; On                 ; On                 ;
; Auto DSP Block Replacement                                                      ; On                 ; On                 ;
; Auto Shift Register Replacement                                                 ; Auto               ; Auto               ;
; Allow Shift Register Merging across Hierarchies                                 ; Auto               ; Auto               ;
; Auto Clock Enable Replacement                                                   ; On                 ; On                 ;
; Strict RAM Replacement                                                          ; Off                ; Off                ;
; Allow Synchronous Control Signals                                               ; On                 ; On                 ;
; Force Use of Synchronous Clear Signals                                          ; Off                ; Off                ;
; Auto Resource Sharing                                                           ; Off                ; Off                ;
; Allow Any RAM Size For Recognition                                              ; Off                ; Off                ;
; Allow Any ROM Size For Recognition                                              ; Off                ; Off                ;
; Allow Any Shift Register Size For Recognition                                   ; Off                ; Off                ;
; Use LogicLock Constraints during Resource Balancing                             ; On                 ; On                 ;
; Ignore translate_off and synthesis_off directives                               ; Off                ; Off                ;
; Timing-Driven Synthesis                                                         ; On                 ; On                 ;
; Report Parameter Settings                                                       ; On                 ; On                 ;
; Report Source Assignments                                                       ; On                 ; On                 ;
; Report Connectivity Checks                                                      ; On                 ; On                 ;
; Ignore Maximum Fan-Out Assignments                                              ; Off                ; Off                ;
; Synchronization Register Chain Length                                           ; 3                  ; 3                  ;
; Power Optimization During Synthesis                                             ; Normal compilation ; Normal compilation ;
; HDL message level                                                               ; Level2             ; Level2             ;
; Suppress Register Optimization Related Messages                                 ; Off                ; Off                ;
; Number of Removed Registers Reported in Synthesis Report                        ; 5000               ; 5000               ;
; Number of Swept Nodes Reported in Synthesis Report                              ; 5000               ; 5000               ;
; Number of Inverted Registers Reported in Synthesis Report                       ; 100                ; 100                ;
; Clock MUX Protection                                                            ; On                 ; On                 ;
; Auto Gated Clock Conversion                                                     ; Off                ; Off                ;
; Block Design Naming                                                             ; Auto               ; Auto               ;
; SDC constraint protection                                                       ; Off                ; Off                ;
; Synthesis Effort                                                                ; Auto               ; Auto               ;
; Shift Register Replacement - Allow Asynchronous Clear Signal                    ; On                 ; On                 ;
; Pre-Mapping Resynthesis Optimization                                            ; Off                ; Off                ;
; Analysis & Synthesis Message Level                                              ; Medium             ; Medium             ;
; Disable Register Merging Across Hierarchies                                     ; Auto               ; Auto               ;
; Resource Aware Inference For Block RAM                                          ; On                 ; On                 ;
; Automatic Parallel Synthesis                                                    ; On                 ; On                 ;
; Partial Reconfiguration Bitstream ID                                            ; Off                ; Off                ;
+---------------------------------------------------------------------------------+--------------------+--------------------+


+------------------------------------------+
; Parallel Compilation                     ;
+----------------------------+-------------+
; Processors                 ; Number      ;
+----------------------------+-------------+
; Number detected on machine ; 20          ;
; Maximum allowed            ; 14          ;
;                            ;             ;
; Average used               ; 1.00        ;
; Maximum used               ; 14          ;
;                            ;             ;
; Usage by Processor         ; % Time Used ;
;     Processor 1            ; 100.0%      ;
;     Processors 2-14        ;   0.0%      ;
+----------------------------+-------------+


+--------------------------------------------------------------------------------------------------------------------------------------------------+
; Analysis & Synthesis Source Files Read                                                                                                           ;
+----------------------------------+-----------------+------------------------+----------------------------------------------------------+---------+
; File Name with User-Entered Path ; Used in Netlist ; File Type              ; File Name with Absolute Path                             ; Library ;
+----------------------------------+-----------------+------------------------+----------------------------------------------------------+---------+
; tv.v                             ; yes             ; User Verilog HDL File  ; /home/aluno/Documentos/GMGS/Roteiro1segunda/tv.v         ;         ;
; vga_module.v                     ; yes             ; User Verilog HDL File  ; /home/aluno/Documentos/GMGS/Roteiro1segunda/vga_module.v ;         ;
+----------------------------------+-----------------+------------------------+----------------------------------------------------------+---------+


+-----------------------------------------------------------+
; Analysis & Synthesis Resource Usage Summary               ;
+---------------------------------------------+-------------+
; Resource                                    ; Usage       ;
+---------------------------------------------+-------------+
; Estimate of Logic utilization (ALMs needed) ; 33          ;
;                                             ;             ;
; Combinational ALUT usage for logic          ; 57          ;
;     -- 7 input functions                    ; 1           ;
;     -- 6 input functions                    ; 7           ;
;     -- 5 input functions                    ; 10          ;
;     -- 4 input functions                    ; 7           ;
;     -- <=3 input functions                  ; 32          ;
;                                             ;             ;
; Dedicated logic registers                   ; 40          ;
;                                             ;             ;
; I/O pins                                    ; 41          ;
;                                             ;             ;
; Total DSP Blocks                            ; 0           ;
;                                             ;             ;
; Maximum fan-out node                        ; clk_div_reg ;
; Maximum fan-out                             ; 40          ;
; Total fan-out                               ; 380         ;
; Average fan-out                             ; 2.12        ;
+---------------------------------------------+-------------+


+-------------------------------------------------------------------------------------------------------------------------------------------------------------------------------------------+
; Analysis & Synthesis Resource Utilization by Entity                                                                                                                                       ;
+----------------------------+---------------------+---------------------------+-------------------+------------+------+--------------+------------------------+-------------+--------------+
; Compilation Hierarchy Node ; Combinational ALUTs ; Dedicated Logic Registers ; Block Memory Bits ; DSP Blocks ; Pins ; Virtual Pins ; Full Hierarchy Name    ; Entity Name ; Library Name ;
+----------------------------+---------------------+---------------------------+-------------------+------------+------+--------------+------------------------+-------------+--------------+
; |tv                        ; 57 (1)              ; 40 (1)                    ; 0                 ; 0          ; 41   ; 0            ; |tv                    ; tv          ; work         ;
;    |vga_module:comb_16|    ; 56 (56)             ; 39 (39)                   ; 0                 ; 0          ; 0    ; 0            ; |tv|vga_module:comb_16 ; vga_module  ; work         ;
+----------------------------+---------------------+---------------------------+-------------------+------------+------+--------------+------------------------+-------------+--------------+
Note: For table entries with two numbers listed, the numbers in parentheses indicate the number of resources of the given type used by the specific entity alone. The numbers listed outside of parentheses indicate the total resources of the given type used by the specific entity and all of its sub-entities in the hierarchy.


Encoding Type:  One-Hot
+------------------------------------------------------------------------------------------------------------------------+
; State Machine - |tv|vga_module:comb_16|v_state                                                                         ;
+------------------------+----------------------+-----------------------+-----------------------+------------------------+
; Name                   ; v_state.V_BACK_STATE ; v_state.V_PULSE_STATE ; v_state.V_FRONT_STATE ; v_state.V_ACTIVE_STATE ;
+------------------------+----------------------+-----------------------+-----------------------+------------------------+
; v_state.V_ACTIVE_STATE ; 0                    ; 0                     ; 0                     ; 0                      ;
; v_state.V_FRONT_STATE  ; 0                    ; 0                     ; 1                     ; 1                      ;
; v_state.V_PULSE_STATE  ; 0                    ; 1                     ; 0                     ; 1                      ;
; v_state.V_BACK_STATE   ; 1                    ; 0                     ; 0                     ; 1                      ;
+------------------------+----------------------+-----------------------+-----------------------+------------------------+


Encoding Type:  One-Hot
+------------------------------------------------------------------------------------------------------------------------+
; State Machine - |tv|vga_module:comb_16|h_state                                                                         ;
+------------------------+----------------------+-----------------------+-----------------------+------------------------+
; Name                   ; h_state.H_BACK_STATE ; h_state.H_PULSE_STATE ; h_state.H_FRONT_STATE ; h_state.H_ACTIVE_STATE ;
+------------------------+----------------------+-----------------------+-----------------------+------------------------+
; h_state.H_ACTIVE_STATE ; 0                    ; 0                     ; 0                     ; 0                      ;
; h_state.H_FRONT_STATE  ; 0                    ; 0                     ; 1                     ; 1                      ;
; h_state.H_PULSE_STATE  ; 0                    ; 1                     ; 0                     ; 1                      ;
; h_state.H_BACK_STATE   ; 1                    ; 0                     ; 0                     ; 1                      ;
+------------------------+----------------------+-----------------------+-----------------------+------------------------+


+---------------------------------------------------------------------------------+
; Registers Removed During Synthesis                                              ;
+----------------------------------------+----------------------------------------+
; Register name                          ; Reason for Removal                     ;
+----------------------------------------+----------------------------------------+
; vga_module:comb_16|red_reg[0]          ; Stuck at GND due to stuck port data_in ;
; vga_module:comb_16|green_reg[0..4]     ; Stuck at GND due to stuck port data_in ;
; vga_module:comb_16|blue_reg[0..4,7]    ; Stuck at GND due to stuck port data_in ;
; vga_module:comb_16|red_reg[1..4]       ; Stuck at GND due to stuck port data_in ;
; vga_module:comb_16|v_state~5           ; Lost fanout                            ;
; vga_module:comb_16|v_state~6           ; Lost fanout                            ;
; vga_module:comb_16|v_state~7           ; Lost fanout                            ;
; vga_module:comb_16|v_state~8           ; Lost fanout                            ;
; vga_module:comb_16|v_state~9           ; Lost fanout                            ;
; vga_module:comb_16|v_state~10          ; Lost fanout                            ;
; vga_module:comb_16|v_state~11          ; Lost fanout                            ;
; vga_module:comb_16|v_state~12          ; Lost fanout                            ;
; vga_module:comb_16|h_state~5           ; Lost fanout                            ;
; vga_module:comb_16|h_state~6           ; Lost fanout                            ;
; vga_module:comb_16|h_state~7           ; Lost fanout                            ;
; vga_module:comb_16|h_state~8           ; Lost fanout                            ;
; vga_module:comb_16|h_state~9           ; Lost fanout                            ;
; vga_module:comb_16|h_state~10          ; Lost fanout                            ;
; vga_module:comb_16|h_state~11          ; Lost fanout                            ;
; vga_module:comb_16|h_state~12          ; Lost fanout                            ;
; Total Number of Removed Registers = 32 ;                                        ;
+----------------------------------------+----------------------------------------+


+------------------------------------------------------+
; General Register Statistics                          ;
+----------------------------------------------+-------+
; Statistic                                    ; Value ;
+----------------------------------------------+-------+
; Total registers                              ; 40    ;
; Number of registers using Synchronous Clear  ; 35    ;
; Number of registers using Synchronous Load   ; 0     ;
; Number of registers using Asynchronous Clear ; 0     ;
; Number of registers using Asynchronous Load  ; 0     ;
; Number of registers using Clock Enable       ; 20    ;
; Number of registers using Preset             ; 0     ;
+----------------------------------------------+-------+


+---------------------------------------------------------------------------------------------------------------------------------------------------+
; Multiplexer Restructuring Statistics (Restructuring Performed)                                                                                    ;
+--------------------+-----------+---------------+----------------------+------------------------+------------+-------------------------------------+
; Multiplexer Inputs ; Bus Width ; Baseline Area ; Area if Restructured ; Saving if Restructured ; Registered ; Example Multiplexer Output          ;
+--------------------+-----------+---------------+----------------------+------------------------+------------+-------------------------------------+
; 3:1                ; 8 bits    ; 16 LEs        ; 0 LEs                ; 16 LEs                 ; Yes        ; |tv|vga_module:comb_16|blue_reg[5]  ;
; 10:1               ; 10 bits   ; 60 LEs        ; 0 LEs                ; 60 LEs                 ; Yes        ; |tv|vga_module:comb_16|v_counter[5] ;
; 10:1               ; 10 bits   ; 60 LEs        ; 0 LEs                ; 60 LEs                 ; Yes        ; |tv|vga_module:comb_16|h_counter[0] ;
+--------------------+-----------+---------------+----------------------+------------------------+------------+-------------------------------------+


+-----------------------------------------------------------------+
; Parameter Settings for User Entity Instance: vga_module:comb_16 ;
+----------------+------------+-----------------------------------+
; Parameter Name ; Value      ; Type                              ;
+----------------+------------+-----------------------------------+
; H_ACTIVE       ; 1001111111 ; Unsigned Binary                   ;
; H_FRONT        ; 0000001111 ; Unsigned Binary                   ;
; H_PULSE        ; 0001011111 ; Unsigned Binary                   ;
; H_BACK         ; 0000101111 ; Unsigned Binary                   ;
; V_ACTIVE       ; 0111011111 ; Unsigned Binary                   ;
; V_FRONT        ; 0000001001 ; Unsigned Binary                   ;
; V_PULSE        ; 0000000001 ; Unsigned Binary                   ;
; V_BACK         ; 0000100000 ; Unsigned Binary                   ;
; LOW            ; 0          ; Unsigned Binary                   ;
; HIGH           ; 1          ; Unsigned Binary                   ;
; H_ACTIVE_STATE ; 00000000   ; Unsigned Binary                   ;
; H_FRONT_STATE  ; 00000001   ; Unsigned Binary                   ;
; H_PULSE_STATE  ; 00000010   ; Unsigned Binary                   ;
; H_BACK_STATE   ; 00000011   ; Unsigned Binary                   ;
; V_ACTIVE_STATE ; 00000000   ; Unsigned Binary                   ;
; V_FRONT_STATE  ; 00000001   ; Unsigned Binary                   ;
; V_PULSE_STATE  ; 00000010   ; Unsigned Binary                   ;
; V_BACK_STATE   ; 00000011   ; Unsigned Binary                   ;
+----------------+------------+-----------------------------------+
Note: In order to hide this table in the UI and the text report file, please set the "Show Parameter Settings in Synthesis Report" option in "Analysis and Synthesis Settings -> More Settings" to "Off".


+-----------------------------------------------------+
; Port Connectivity Checks: "vga_module:comb_16"      ;
+--------+--------+----------+------------------------+
; Port   ; Type   ; Severity ; Details                ;
+--------+--------+----------+------------------------+
; next_x ; Output ; Info     ; Explicitly unconnected ;
; next_y ; Output ; Info     ; Explicitly unconnected ;
+--------+--------+----------+------------------------+


+-----------------------------------------------------+
; Post-Synthesis Netlist Statistics for Top Partition ;
+-----------------------+-----------------------------+
; Type                  ; Count                       ;
+-----------------------+-----------------------------+
; arriav_ff             ; 40                          ;
;     ENA               ; 2                           ;
;     ENA SCLR          ; 18                          ;
;     SCLR              ; 17                          ;
;     plain             ; 3                           ;
; arriav_lcell_comb     ; 58                          ;
;     arith             ; 20                          ;
;         1 data inputs ; 20                          ;
;     extend            ; 1                           ;
;         7 data inputs ; 1                           ;
;     normal            ; 37                          ;
;         0 data inputs ; 1                           ;
;         1 data inputs ; 1                           ;
;         2 data inputs ; 6                           ;
;         3 data inputs ; 5                           ;
;         4 data inputs ; 7                           ;
;         5 data inputs ; 10                          ;
;         6 data inputs ; 7                           ;
; boundary_port         ; 41                          ;
;                       ;                             ;
; Max LUT depth         ; 3.00                        ;
; Average LUT depth     ; 1.87                        ;
+-----------------------+-----------------------------+


+-------------------------------+
; Elapsed Time Per Partition    ;
+----------------+--------------+
; Partition Name ; Elapsed Time ;
+----------------+--------------+
; Top            ; 00:00:00     ;
+----------------+--------------+


+-------------------------------+
; Analysis & Synthesis Messages ;
+-------------------------------+
Info: *******************************************************************
Info: Running Quartus Prime Analysis & Synthesis
    Info: Version 23.1std.0 Build 991 11/28/2023 SC Lite Edition
    Info: Processing started: Fri Sep  5 11:34:51 2025
Info: Command: quartus_map --read_settings_files=on --write_settings_files=off tv -c tv
Warning (18236): Number of processors has not been specified which may cause overloading on shared machines.  Set the global assignment NUM_PARALLEL_PROCESSORS in your QSF to an appropriate value for best performance.
Info (20030): Parallel compilation is enabled and will use 14 of the 14 processors detected
Info (12021): Found 1 design units, including 1 entities, in source file tv.v
    Info (12023): Found entity 1: tv File: /home/aluno/Documentos/GMGS/Roteiro1segunda/tv.v Line: 1
Info (12021): Found 1 design units, including 1 entities, in source file vga_module.v
    Info (12023): Found entity 1: vga_module File: /home/aluno/Documentos/GMGS/Roteiro1segunda/vga_module.v Line: 1
Warning (10236): Verilog HDL Implicit Net warning at tv.v(26): created implicit net for "clk25" File: /home/aluno/Documentos/GMGS/Roteiro1segunda/tv.v Line: 26
Critical Warning (10846): Verilog HDL Instantiation warning at tv.v(42): instance has no name File: /home/aluno/Documentos/GMGS/Roteiro1segunda/tv.v Line: 42
Info (12127): Elaborating entity "tv" for the top level hierarchy
Warning (10034): Output port "clk" at tv.v(11) has no driver File: /home/aluno/Documentos/GMGS/Roteiro1segunda/tv.v Line: 11
Info (12128): Elaborating entity "vga_module" for hierarchy "vga_module:comb_16" File: /home/aluno/Documentos/GMGS/Roteiro1segunda/tv.v Line: 42
Warning (13024): Output pins are stuck at VCC or GND
    Warning (13410): Pin "red[0]" is stuck at GND File: /home/aluno/Documentos/GMGS/Roteiro1segunda/tv.v Line: 7
    Warning (13410): Pin "red[1]" is stuck at GND File: /home/aluno/Documentos/GMGS/Roteiro1segunda/tv.v Line: 7
    Warning (13410): Pin "red[2]" is stuck at GND File: /home/aluno/Documentos/GMGS/Roteiro1segunda/tv.v Line: 7
    Warning (13410): Pin "red[3]" is stuck at GND File: /home/aluno/Documentos/GMGS/Roteiro1segunda/tv.v Line: 7
    Warning (13410): Pin "red[4]" is stuck at GND File: /home/aluno/Documentos/GMGS/Roteiro1segunda/tv.v Line: 7
    Warning (13410): Pin "green[0]" is stuck at GND File: /home/aluno/Documentos/GMGS/Roteiro1segunda/tv.v Line: 8
    Warning (13410): Pin "green[1]" is stuck at GND File: /home/aluno/Documentos/GMGS/Roteiro1segunda/tv.v Line: 8
    Warning (13410): Pin "green[2]" is stuck at GND File: /home/aluno/Documentos/GMGS/Roteiro1segunda/tv.v Line: 8
    Warning (13410): Pin "green[3]" is stuck at GND File: /home/aluno/Documentos/GMGS/Roteiro1segunda/tv.v Line: 8
    Warning (13410): Pin "green[4]" is stuck at GND File: /home/aluno/Documentos/GMGS/Roteiro1segunda/tv.v Line: 8
    Warning (13410): Pin "blue[0]" is stuck at GND File: /home/aluno/Documentos/GMGS/Roteiro1segunda/tv.v Line: 9
    Warning (13410): Pin "blue[1]" is stuck at GND File: /home/aluno/Documentos/GMGS/Roteiro1segunda/tv.v Line: 9
    Warning (13410): Pin "blue[2]" is stuck at GND File: /home/aluno/Documentos/GMGS/Roteiro1segunda/tv.v Line: 9
    Warning (13410): Pin "blue[3]" is stuck at GND File: /home/aluno/Documentos/GMGS/Roteiro1segunda/tv.v Line: 9
    Warning (13410): Pin "blue[4]" is stuck at GND File: /home/aluno/Documentos/GMGS/Roteiro1segunda/tv.v Line: 9
    Warning (13410): Pin "blue[7]" is stuck at GND File: /home/aluno/Documentos/GMGS/Roteiro1segunda/tv.v Line: 9
    Warning (13410): Pin "sync" is stuck at GND File: /home/aluno/Documentos/GMGS/Roteiro1segunda/tv.v Line: 10
    Warning (13410): Pin "clk" is stuck at GND File: /home/aluno/Documentos/GMGS/Roteiro1segunda/tv.v Line: 11
Info (286030): Timing-Driven Synthesis is running
Info (17049): 16 registers lost all their fanouts during netlist optimizations.
Info (16010): Generating hard_block partition "hard_block:auto_generated_inst"
    Info (16011): Adding 0 node(s), including 0 DDIO, 0 PLL, 0 transceiver and 0 LCELL
Warning (21074): Design contains 2 input pin(s) that do not drive logic
    Warning (15610): No output dependent on input pin "CH[8]" File: /home/aluno/Documentos/GMGS/Roteiro1segunda/tv.v Line: 2
    Warning (15610): No output dependent on input pin "CH[9]" File: /home/aluno/Documentos/GMGS/Roteiro1segunda/tv.v Line: 2
Info (21057): Implemented 106 device resources after synthesis - the final resource count might be different
    Info (21058): Implemented 12 input pins
    Info (21059): Implemented 29 output pins
    Info (21061): Implemented 65 logic cells
Info: Quartus Prime Analysis & Synthesis was successful. 0 errors, 26 warnings
    Info: Peak virtual memory: 520 megabytes
    Info: Processing ended: Fri Sep  5 11:34:55 2025
    Info: Elapsed time: 00:00:04
    Info: Total CPU time (on all processors): 00:00:14


